[35m[Appium][39m Welcome to Appium v1.18.2
[35m[Appium][39m Non-default server args:
[35m[Appium][39m   port: 56105
[35m[Appium][39m   loglevel: info
[35m[Appium][39m   tmpDir: C:\Users\ASUS\AppData\Local\Temp\\Katalon\Appium\Temp1602599595777
[35m[Appium][39m   chromedriverPort: 56106
[35m[Appium][39m Deprecated server args:
[35m[Appium][39m   [31m--chromedriver-port[39m => --default-capabilities '{"chromedriverPort":56106}'
[35m[Appium][39m Default capabilities, which will be added to each request unless overridden by desired capabilities:
[35m[Appium][39m   chromedriverPort: 56106
[35m[Appium][39m Appium REST http interface listener started on 0.0.0.0:56105
[35m[HTTP][39m [37m-->[39m [37mGET[39m [37m/wd/hub/status[39m
[35m[HTTP][39m [90m{}[39m
[35m[HTTP][39m [37m<-- GET /wd/hub/status [39m[32m200[39m [90m9 ms - 68[39m
[35m[HTTP][39m [90m[39m
[35m[HTTP][39m [37m-->[39m [37mGET[39m [37m/wd/hub/status[39m
[35m[HTTP][39m [90m{}[39m
[35m[HTTP][39m [37m<-- GET /wd/hub/status [39m[32m200[39m [90m2 ms - 68[39m
[35m[HTTP][39m [90m[39m
[35m[HTTP][39m [37m-->[39m [37mPOST[39m [37m/wd/hub/session[39m
[35m[HTTP][39m [90m{"desiredCapabilities":{"app":"D:\\Katalon Studio\\AlfaCart\\Alfacart_v2.5.5_apkpure.com.apk","noReset":true,"deviceName":"Xiaomi MI 5 (Android 8.0.0)","fullReset":false,"platform":"ANDROID","newCommandTimeout":1800,"platformVersion":"8.0.0","automationName":"uiautomator2","autoGrantPermissions":true,"platformName":"Android","udid":"bdbfd69a","systemPort":56112},"capabilities":{"firstMatch":[{"appium:app":"D:\\Katalon Studio\\AlfaCart\\Alfacart_v2.5.5_apkpure.com.apk","appium:autoGrantPermissions":true,"appium:automationName":"uiautomator2","appium:deviceName":"Xiaomi MI 5 (Android 8.0.0)","appium:fullReset":false,"appium:newCommandTimeout":1800,"appium:noReset":true,"platform":"ANDROID","platformName":"android","appium:platformVersion":"8.0.0","appium:systemPort":56112,"appium:udid":"bdbfd69a"}]}}[39m
[35m[BaseDriver][39m The following capabilities are not standard capabilities and should have an extension prefix:
[35m[BaseDriver][39m   platform
[35m[BaseDriver][39m   chromedriverPort
[35m[Appium][39m Appium v1.18.2 creating new AndroidUiautomator2Driver (v1.56.1) session
[35m[BaseDriver][39m The following capabilities were provided, but are not recognized by Appium:
[35m[BaseDriver][39m   platform
[35m[BaseDriver][39m Session created with session id: ebd12273-fd03-48cf-85e8-5753746b9e28
[35m[BaseDriver][39m Using local app 'D:\Katalon Studio\AlfaCart\Alfacart_v2.5.5_apkpure.com.apk'
[35m[ADB][39m Found 1 'build-tools' folders under 'C:\Users\ASUS\.katalon\tools\android_sdk' (newest first):
[35m[ADB][39m     C:/Users/ASUS/.katalon/tools/android_sdk/build-tools/29.0.3
[35m[ADB][39m Using 'adb.exe' from 'C:\Users\ASUS\.katalon\tools\android_sdk\platform-tools\adb.exe'
[35m[AndroidDriver][39m Retrieving device list
[35m[AndroidDriver][39m Using device: bdbfd69a
[35m[ADB][39m Using 'adb.exe' from 'C:\Users\ASUS\.katalon\tools\android_sdk\platform-tools\adb.exe'
[35m[ADB][39m Package name: 'com.alfacart.apps'
[35m[ADB][39m Main activity name: 'com.alfacart.apps.data.alias.DefaultLauncher'
[35m[ADB][39m Using 'apksigner.jar' from 'C:\Users\ASUS\.katalon\tools\android_sdk\build-tools\29.0.3\lib\apksigner.jar'
[35m[UiAutomator2][39m Server packages are not going to be (re)installed
[35m[UiAutomator2][39m Starting UIAutomator2 server 4.12.2
[35m[UiAutomator2][39m Using UIAutomator2 server from 'C:\Users\ASUS\AppData\Roaming\npm\node_modules\appium\node_modules\appium-uiautomator2-server\apks\appium-uiautomator2-server-v4.12.2.apk' and test from 'C:\Users\ASUS\AppData\Roaming\npm\node_modules\appium\node_modules\appium-uiautomator2-server\apks\appium-uiautomator2-server-debug-androidTest.apk'
[35m[UiAutomator2][39m Waiting up to 30000ms for UiAutomator2 to be online...
[35m[WD Proxy][39m socket hang up
[35m[WD Proxy][39m socket hang up
[35m[WD Proxy][39m socket hang up
[35m[WD Proxy][39m socket hang up
[35m[WD Proxy][39m Determined the downstream protocol as 'W3C'
[35m[AndroidDriver][39m Screen already unlocked, doing nothing
[35m[UiAutomator2][39m Starting 'com.alfacart.apps/com.alfacart.apps.data.alias.DefaultLauncher and waiting for 'com.alfacart.apps/com.alfacart.apps.data.alias.DefaultLauncher'
[35m[Appium][39m New AndroidUiautomator2Driver session created successfully, session ebd12273-fd03-48cf-85e8-5753746b9e28 added to master session list
[35m[HTTP][39m [37m<-- POST /wd/hub/session [39m[32m200[39m [90m13818 ms - 1258[39m
[35m[HTTP][39m [90m[39m
[35m[HTTP][39m [37m-->[39m [37mGET[39m [37m/wd/hub/session/ebd12273-fd03-48cf-85e8-5753746b9e28[39m
[35m[HTTP][39m [90m{}[39m
[35m[HTTP][39m [37m<-- GET /wd/hub/session/ebd12273-fd03-48cf-85e8-5753746b9e28 [39m[32m200[39m [90m54 ms - 1212[39m
[35m[HTTP][39m [90m[39m
[35m[HTTP][39m [37m-->[39m [37mGET[39m [37m/wd/hub/session/ebd12273-fd03-48cf-85e8-5753746b9e28[39m
[35m[HTTP][39m [90m{}[39m
[35m[HTTP][39m [37m<-- GET /wd/hub/session/ebd12273-fd03-48cf-85e8-5753746b9e28 [39m[32m200[39m [90m41 ms - 1212[39m
[35m[HTTP][39m [90m[39m
[35m[HTTP][39m [37m-->[39m [37mGET[39m [37m/wd/hub/status[39m
[35m[HTTP][39m [90m{}[39m
[35m[HTTP][39m [37m<-- GET /wd/hub/status [39m[32m200[39m [90m2 ms - 68[39m
[35m[HTTP][39m [90m[39m
[35m[HTTP][39m [37m-->[39m [37mPOST[39m [37m/wd/hub/session/ebd12273-fd03-48cf-85e8-5753746b9e28/timeouts[39m
[35m[HTTP][39m [90m{"implicit":60000}[39m
[35m[HTTP][39m [37m<-- POST /wd/hub/session/ebd12273-fd03-48cf-85e8-5753746b9e28/timeouts [39m[32m200[39m [90m7 ms - 14[39m
[35m[HTTP][39m [90m[39m
[35m[HTTP][39m [37m-->[39m [37mGET[39m [37m/wd/hub/session/ebd12273-fd03-48cf-85e8-5753746b9e28/source[39m
[35m[HTTP][39m [90m{}[39m
[35m[W3C (ebd12273)][39m Driver proxy active, passing request on via HTTP proxy
[35m[WD Proxy][39m Replacing sessionId fcba4e45-38b0-4e08-a0eb-5a0d76863538 with ebd12273-fd03-48cf-85e8-5753746b9e28
[35m[HTTP][39m [37m<-- GET /wd/hub/session/ebd12273-fd03-48cf-85e8-5753746b9e28/source [39m[32m200[39m [90m1741 ms - 5257[39m
[35m[HTTP][39m [90m[39m
[35m[HTTP][39m [37m-->[39m [37mGET[39m [37m/wd/hub/session/ebd12273-fd03-48cf-85e8-5753746b9e28/screenshot[39m
[35m[HTTP][39m [90m{}[39m
[35m[HTTP][39m [37m<-- GET /wd/hub/session/ebd12273-fd03-48cf-85e8-5753746b9e28/screenshot [39m[32m200[39m [90m866 ms - 80254[39m
[35m[HTTP][39m [90m[39m
[35m[HTTP][39m [37m-->[39m [37mGET[39m [37m/wd/hub/session/ebd12273-fd03-48cf-85e8-5753746b9e28/source[39m
[35m[HTTP][39m [90m{}[39m
[35m[W3C (ebd12273)][39m Driver proxy active, passing request on via HTTP proxy
[35m[WD Proxy][39m Replacing sessionId fcba4e45-38b0-4e08-a0eb-5a0d76863538 with ebd12273-fd03-48cf-85e8-5753746b9e28
[35m[HTTP][39m [37m<-- GET /wd/hub/session/ebd12273-fd03-48cf-85e8-5753746b9e28/source [39m[32m200[39m [90m900 ms - 38551[39m
[35m[HTTP][39m [90m[39m
[35m[HTTP][39m [37m-->[39m [37mGET[39m [37m/wd/hub/session/ebd12273-fd03-48cf-85e8-5753746b9e28/screenshot[39m
[35m[HTTP][39m [90m{}[39m
[35m[HTTP][39m [37m<-- GET /wd/hub/session/ebd12273-fd03-48cf-85e8-5753746b9e28/screenshot [39m[32m200[39m [90m683 ms - 250860[39m
[35m[HTTP][39m [90m[39m
[35m[HTTP][39m [37m-->[39m [37mPOST[39m [37m/wd/hub/session/ebd12273-fd03-48cf-85e8-5753746b9e28/elements[39m
[35m[HTTP][39m [90m{"using":"id","value":"com.alfacart.apps:id/checkout_button"}[39m
[35m[HTTP][39m [37m<-- POST /wd/hub/session/ebd12273-fd03-48cf-85e8-5753746b9e28/elements [39m[32m200[39m [90m200 ms - 139[39m
[35m[HTTP][39m [90m[39m
[35m[HTTP][39m [37m-->[39m [37mGET[39m [37m/wd/hub/session/ebd12273-fd03-48cf-85e8-5753746b9e28/window/rect[39m
[35m[HTTP][39m [90m{}[39m
[35m[HTTP][39m [37m<-- GET /wd/hub/session/ebd12273-fd03-48cf-85e8-5753746b9e28/window/rect [39m[32m200[39m [90m47 ms - 50[39m
[35m[HTTP][39m [90m[39m
[35m[HTTP][39m [37m-->[39m [37mPOST[39m [37m/wd/hub/session/ebd12273-fd03-48cf-85e8-5753746b9e28/elements[39m
[35m[HTTP][39m [90m{"using":"id","value":"com.alfacart.apps:id/checkout_button"}[39m
[35m[HTTP][39m [37m<-- POST /wd/hub/session/ebd12273-fd03-48cf-85e8-5753746b9e28/elements [39m[32m200[39m [90m195 ms - 139[39m
[35m[HTTP][39m [90m[39m
[35m[HTTP][39m [37m-->[39m [37mGET[39m [37m/wd/hub/session/ebd12273-fd03-48cf-85e8-5753746b9e28/element/86a4ced7-8f30-4dff-bcef-3eea3d63feed/location[39m
[35m[HTTP][39m [90m{}[39m
[35m[W3C (ebd12273)][39m Driver proxy active, passing request on via HTTP proxy
[35m[WD Proxy][39m Replacing sessionId fcba4e45-38b0-4e08-a0eb-5a0d76863538 with ebd12273-fd03-48cf-85e8-5753746b9e28
[35m[HTTP][39m [37m<-- GET /wd/hub/session/ebd12273-fd03-48cf-85e8-5753746b9e28/element/86a4ced7-8f30-4dff-bcef-3eea3d63feed/location [39m[32m200[39m [90m51 ms - 78[39m
[35m[HTTP][39m [90m[39m
[35m[HTTP][39m [37m-->[39m [37mPOST[39m [37m/wd/hub/session/ebd12273-fd03-48cf-85e8-5753746b9e28/touch/perform[39m
[35m[HTTP][39m [90m{"actions":[{"action":"tap","options":{"x":1,"y":1,"element":"86a4ced7-8f30-4dff-bcef-3eea3d63feed"}}]}[39m
[35m[UiAutomator2][39m calling get location: 86a4ced7-8f30-4dff-bcef-3eea3d63feed
[35m[HTTP][39m [37m<-- POST /wd/hub/session/ebd12273-fd03-48cf-85e8-5753746b9e28/touch/perform [39m[32m200[39m [90m2029 ms - 14[39m
[35m[HTTP][39m [90m[39m
[35m[HTTP][39m [37m-->[39m [37mGET[39m [37m/wd/hub/session/ebd12273-fd03-48cf-85e8-5753746b9e28/source[39m
[35m[HTTP][39m [90m{}[39m
[35m[W3C (ebd12273)][39m Driver proxy active, passing request on via HTTP proxy
[35m[WD Proxy][39m Replacing sessionId fcba4e45-38b0-4e08-a0eb-5a0d76863538 with ebd12273-fd03-48cf-85e8-5753746b9e28
[35m[HTTP][39m [37m<-- GET /wd/hub/session/ebd12273-fd03-48cf-85e8-5753746b9e28/source [39m[32m200[39m [90m812 ms - 38073[39m
[35m[HTTP][39m [90m[39m
[35m[HTTP][39m [37m-->[39m [37mGET[39m [37m/wd/hub/session/ebd12273-fd03-48cf-85e8-5753746b9e28/screenshot[39m
[35m[HTTP][39m [90m{}[39m
[35m[HTTP][39m [37m<-- GET /wd/hub/session/ebd12273-fd03-48cf-85e8-5753746b9e28/screenshot [39m[32m200[39m [90m600 ms - 158362[39m
[35m[HTTP][39m [90m[39m
[35m[HTTP][39m [37m-->[39m [37mDELETE[39m [37m/wd/hub/session/ebd12273-fd03-48cf-85e8-5753746b9e28[39m
[35m[HTTP][39m [90m{}[39m
[35m[Appium][39m Removing session ebd12273-fd03-48cf-85e8-5753746b9e28 from our master session list
[35m[HTTP][39m [37m<-- DELETE /wd/hub/session/ebd12273-fd03-48cf-85e8-5753746b9e28 [39m[32m200[39m [90m379 ms - 14[39m
[35m[HTTP][39m [90m[39m
